<?xml version="1.0" encoding="UTF-8"?>
<!-- Generated by org.testng.reporters.JUnitReportReporter -->
<testsuite skipped="0" hostname="DESKTOP-1DJCL4K" name="getRequest.GetData" tests="2" failures="0" timestamp="21 Jul 2018 10:17:29 GMT" time="5.637" errors="0">
  <testcase name="testbody" time="1.421" classname="getRequest.GetData"/>
  <testcase name="testResponsecode" time="4.216" classname="getRequest.GetData"/>
</testsuite> <!-- getRequest.GetData -->
