<?xml version="1.0" encoding="UTF-8"?>
<!-- Generated by org.testng.reporters.JUnitReportReporter -->
<testsuite skipped="0" hostname="DESKTOP-1DJCL4K" name="test.api.automation.TC_001_GetMethod" tests="1" failures="0" timestamp="24 Jul 2018 11:12:15 GMT" time="2.836" errors="0">
  <testcase name="tc_001_getMethod_Validation" time="2.836" classname="test.api.automation.TC_001_GetMethod"/>
</testsuite> <!-- test.api.automation.TC_001_GetMethod -->
